D:\SOURCE_CODE\MFC_PRACTICE\MFC_PRACTICE\DEBUG\MFC_PRACTICE.PCH
D:\SOURCE_CODE\MFC_PRACTICE\MFC_PRACTICE\DEBUG\STDAFX.OBJ
D:\SOURCE_CODE\MFC_PRACTICE\MFC_PRACTICE\DEBUG\VC110.PDB
D:\SOURCE_CODE\MFC_PRACTICE\MFC_PRACTICE\DEBUG\MFC_PRACTICE.OBJ
D:\SOURCE_CODE\MFC_PRACTICE\MFC_PRACTICE\DEBUG\MFC_PRACTICEDLG.OBJ
D:\SOURCE_CODE\MFC_PRACTICE\DEBUG\MFC_PRACTICE.ILK
D:\SOURCE_CODE\MFC_PRACTICE\DEBUG\MFC_PRACTICE.EXE
D:\SOURCE_CODE\MFC_PRACTICE\DEBUG\MFC_PRACTICE.PDB
D:\SOURCE_CODE\MFC_PRACTICE\MFC_PRACTICE\DEBUG\MFC_PRACTICE.RES
D:\Source_Code\MFC_Practice\MFC_Practice\Debug\MFC_Practice.obj
D:\Source_Code\MFC_Practice\MFC_Practice\Debug\MFC_PracticeDlg.obj
D:\Source_Code\MFC_Practice\MFC_Practice\Debug\stdafx.obj
D:\Source_Code\MFC_Practice\MFC_Practice\Debug\msado15.tli
D:\Source_Code\MFC_Practice\MFC_Practice\Debug\msado15.tlh
D:\Source_Code\MFC_Practice\MFC_Practice\Debug\cl.command.1.tlog
D:\Source_Code\MFC_Practice\MFC_Practice\Debug\CL.read.1.tlog
D:\Source_Code\MFC_Practice\MFC_Practice\Debug\CL.write.1.tlog
D:\Source_Code\MFC_Practice\MFC_Practice\Debug\link-cvtres.read.1.tlog
D:\Source_Code\MFC_Practice\MFC_Practice\Debug\link-cvtres.write.1.tlog
D:\Source_Code\MFC_Practice\MFC_Practice\Debug\link-mt.read.1.tlog
D:\Source_Code\MFC_Practice\MFC_Practice\Debug\link-mt.write.1.tlog
D:\Source_Code\MFC_Practice\MFC_Practice\Debug\link-rc.read.1.tlog
D:\Source_Code\MFC_Practice\MFC_Practice\Debug\link-rc.write.1.tlog
D:\Source_Code\MFC_Practice\MFC_Practice\Debug\link.command.1.tlog
D:\Source_Code\MFC_Practice\MFC_Practice\Debug\link.read.1.tlog
D:\Source_Code\MFC_Practice\MFC_Practice\Debug\link.write.1.tlog
D:\Source_Code\MFC_Practice\MFC_Practice\Debug\rc.command.1.tlog
D:\Source_Code\MFC_Practice\MFC_Practice\Debug\rc.read.1.tlog
D:\Source_Code\MFC_Practice\MFC_Practice\Debug\rc.write.1.tlog
D:\Source_Code\MFC_Practice\MFC_Practice\Debug\MFC_Practice.res
D:\Source_Code\MFC_Practice\MFC_Practice\Debug\MFC_Practice.pch
D:\Source_Code\MFC_Practice\MFC_Practice\Debug\vc110.idb
D:\Source_Code\MFC_Practice\MFC_Practice\Debug\vc110.pdb
D:\Source_Code\MFC_Practice\Debug\MFC_Practice.pdb
D:\Source_Code\MFC_Practice\Debug\MFC_Practice.exe
D:\Source_Code\MFC_Practice\Debug\MFC_Practice.ilk
