D:\SOURCE_CODE\MFC_PRACTICE\THREADPROCESS\DEBUG\THREADPROCESS.PCH
D:\SOURCE_CODE\MFC_PRACTICE\THREADPROCESS\DEBUG\STDAFX.OBJ
D:\SOURCE_CODE\MFC_PRACTICE\THREADPROCESS\DEBUG\VC110.PDB
D:\SOURCE_CODE\MFC_PRACTICE\THREADPROCESS\DEBUG\ONLINETICKET.OBJ
D:\SOURCE_CODE\MFC_PRACTICE\THREADPROCESS\DEBUG\THREADPROCESS.OBJ
D:\SOURCE_CODE\MFC_PRACTICE\THREADPROCESS\DEBUG\CONDITIONVAR.OBJ
D:\SOURCE_CODE\MFC_PRACTICE\DEBUG\THREADPROCESS.ILK
D:\SOURCE_CODE\MFC_PRACTICE\DEBUG\THREADPROCESS.EXE
D:\SOURCE_CODE\MFC_PRACTICE\DEBUG\THREADPROCESS.PDB
D:\Source_Code\MFC_Practice\ThreadProcess\Debug\ConditionVar.obj
D:\Source_Code\MFC_Practice\ThreadProcess\Debug\OnlineTicket.obj
D:\Source_Code\MFC_Practice\ThreadProcess\Debug\stdafx.obj
D:\Source_Code\MFC_Practice\ThreadProcess\Debug\ThreadProcess.obj
D:\Source_Code\MFC_Practice\ThreadProcess\Debug\cl.command.1.tlog
D:\Source_Code\MFC_Practice\ThreadProcess\Debug\CL.read.1.tlog
D:\Source_Code\MFC_Practice\ThreadProcess\Debug\CL.write.1.tlog
D:\Source_Code\MFC_Practice\ThreadProcess\Debug\link-cvtres.read.1.tlog
D:\Source_Code\MFC_Practice\ThreadProcess\Debug\link-cvtres.write.1.tlog
D:\Source_Code\MFC_Practice\ThreadProcess\Debug\link-rc.read.1.tlog
D:\Source_Code\MFC_Practice\ThreadProcess\Debug\link-rc.write.1.tlog
D:\Source_Code\MFC_Practice\ThreadProcess\Debug\link.9000-cvtres.read.1.tlog
D:\Source_Code\MFC_Practice\ThreadProcess\Debug\link.9000-cvtres.write.1.tlog
D:\Source_Code\MFC_Practice\ThreadProcess\Debug\link.9000-rc.read.1.tlog
D:\Source_Code\MFC_Practice\ThreadProcess\Debug\link.9000-rc.write.1.tlog
D:\Source_Code\MFC_Practice\ThreadProcess\Debug\link.9000.read.1.tlog
D:\Source_Code\MFC_Practice\ThreadProcess\Debug\link.9000.write.1.tlog
D:\Source_Code\MFC_Practice\ThreadProcess\Debug\link.command.1.tlog
D:\Source_Code\MFC_Practice\ThreadProcess\Debug\link.read.1.tlog
D:\Source_Code\MFC_Practice\ThreadProcess\Debug\link.write.1.tlog
D:\Source_Code\MFC_Practice\ThreadProcess\Debug\ThreadProcess.pch
D:\Source_Code\MFC_Practice\ThreadProcess\Debug\vc110.idb
D:\Source_Code\MFC_Practice\ThreadProcess\Debug\vc110.pdb
D:\Source_Code\MFC_Practice\Debug\ThreadProcess.pdb
D:\Source_Code\MFC_Practice\Debug\ThreadProcess.exe
D:\Source_Code\MFC_Practice\Debug\ThreadProcess.ilk
