D:\SOURCE_CODE\MFC_PRACTICE\STL_PRACTICE\DEBUG\STL_PRACTICE.PCH
D:\SOURCE_CODE\MFC_PRACTICE\STL_PRACTICE\DEBUG\STDAFX.OBJ
D:\SOURCE_CODE\MFC_PRACTICE\STL_PRACTICE\DEBUG\VC110.PDB
D:\SOURCE_CODE\MFC_PRACTICE\STL_PRACTICE\DEBUG\STL_PRACTICE.OBJ
D:\SOURCE_CODE\MFC_PRACTICE\DEBUG\STL_PRACTICE.ILK
D:\SOURCE_CODE\MFC_PRACTICE\DEBUG\STL_PRACTICE.EXE
D:\SOURCE_CODE\MFC_PRACTICE\DEBUG\STL_PRACTICE.PDB
D:\Source_Code\MFC_Practice\STL_Practice\Debug\stdafx.obj
D:\Source_Code\MFC_Practice\STL_Practice\Debug\STL_Practice.obj
D:\Source_Code\MFC_Practice\STL_Practice\Debug\cl.command.1.tlog
D:\Source_Code\MFC_Practice\STL_Practice\Debug\CL.read.1.tlog
D:\Source_Code\MFC_Practice\STL_Practice\Debug\CL.write.1.tlog
D:\Source_Code\MFC_Practice\STL_Practice\Debug\link-cvtres.read.1.tlog
D:\Source_Code\MFC_Practice\STL_Practice\Debug\link-cvtres.write.1.tlog
D:\Source_Code\MFC_Practice\STL_Practice\Debug\link-rc.read.1.tlog
D:\Source_Code\MFC_Practice\STL_Practice\Debug\link-rc.write.1.tlog
D:\Source_Code\MFC_Practice\STL_Practice\Debug\link.2044-cvtres.read.1.tlog
D:\Source_Code\MFC_Practice\STL_Practice\Debug\link.2044-cvtres.write.1.tlog
D:\Source_Code\MFC_Practice\STL_Practice\Debug\link.2044-rc.read.1.tlog
D:\Source_Code\MFC_Practice\STL_Practice\Debug\link.2044-rc.write.1.tlog
D:\Source_Code\MFC_Practice\STL_Practice\Debug\link.2044.read.1.tlog
D:\Source_Code\MFC_Practice\STL_Practice\Debug\link.2044.write.1.tlog
D:\Source_Code\MFC_Practice\STL_Practice\Debug\link.4972-cvtres.read.1.tlog
D:\Source_Code\MFC_Practice\STL_Practice\Debug\link.4972-cvtres.write.1.tlog
D:\Source_Code\MFC_Practice\STL_Practice\Debug\link.4972-rc.read.1.tlog
D:\Source_Code\MFC_Practice\STL_Practice\Debug\link.4972-rc.write.1.tlog
D:\Source_Code\MFC_Practice\STL_Practice\Debug\link.4972.read.1.tlog
D:\Source_Code\MFC_Practice\STL_Practice\Debug\link.4972.write.1.tlog
D:\Source_Code\MFC_Practice\STL_Practice\Debug\link.6268-cvtres.read.1.tlog
D:\Source_Code\MFC_Practice\STL_Practice\Debug\link.6268-cvtres.write.1.tlog
D:\Source_Code\MFC_Practice\STL_Practice\Debug\link.6268-rc.read.1.tlog
D:\Source_Code\MFC_Practice\STL_Practice\Debug\link.6268-rc.write.1.tlog
D:\Source_Code\MFC_Practice\STL_Practice\Debug\link.6268.read.1.tlog
D:\Source_Code\MFC_Practice\STL_Practice\Debug\link.6268.write.1.tlog
D:\Source_Code\MFC_Practice\STL_Practice\Debug\link.6884-cvtres.read.1.tlog
D:\Source_Code\MFC_Practice\STL_Practice\Debug\link.6884-cvtres.write.1.tlog
D:\Source_Code\MFC_Practice\STL_Practice\Debug\link.6884-rc.read.1.tlog
D:\Source_Code\MFC_Practice\STL_Practice\Debug\link.6884-rc.write.1.tlog
D:\Source_Code\MFC_Practice\STL_Practice\Debug\link.6884.read.1.tlog
D:\Source_Code\MFC_Practice\STL_Practice\Debug\link.6884.write.1.tlog
D:\Source_Code\MFC_Practice\STL_Practice\Debug\link.6892-cvtres.read.1.tlog
D:\Source_Code\MFC_Practice\STL_Practice\Debug\link.6892-cvtres.write.1.tlog
D:\Source_Code\MFC_Practice\STL_Practice\Debug\link.6892-rc.read.1.tlog
D:\Source_Code\MFC_Practice\STL_Practice\Debug\link.6892-rc.write.1.tlog
D:\Source_Code\MFC_Practice\STL_Practice\Debug\link.6892.read.1.tlog
D:\Source_Code\MFC_Practice\STL_Practice\Debug\link.6892.write.1.tlog
D:\Source_Code\MFC_Practice\STL_Practice\Debug\link.7044-cvtres.read.1.tlog
D:\Source_Code\MFC_Practice\STL_Practice\Debug\link.7044-cvtres.write.1.tlog
D:\Source_Code\MFC_Practice\STL_Practice\Debug\link.7044-rc.read.1.tlog
D:\Source_Code\MFC_Practice\STL_Practice\Debug\link.7044-rc.write.1.tlog
D:\Source_Code\MFC_Practice\STL_Practice\Debug\link.7044.read.1.tlog
D:\Source_Code\MFC_Practice\STL_Practice\Debug\link.7044.write.1.tlog
D:\Source_Code\MFC_Practice\STL_Practice\Debug\link.7748-cvtres.read.1.tlog
D:\Source_Code\MFC_Practice\STL_Practice\Debug\link.7748-cvtres.write.1.tlog
D:\Source_Code\MFC_Practice\STL_Practice\Debug\link.7748-rc.read.1.tlog
D:\Source_Code\MFC_Practice\STL_Practice\Debug\link.7748-rc.write.1.tlog
D:\Source_Code\MFC_Practice\STL_Practice\Debug\link.7748.read.1.tlog
D:\Source_Code\MFC_Practice\STL_Practice\Debug\link.7748.write.1.tlog
D:\Source_Code\MFC_Practice\STL_Practice\Debug\link.7808-cvtres.read.1.tlog
D:\Source_Code\MFC_Practice\STL_Practice\Debug\link.7808-cvtres.write.1.tlog
D:\Source_Code\MFC_Practice\STL_Practice\Debug\link.7808-rc.read.1.tlog
D:\Source_Code\MFC_Practice\STL_Practice\Debug\link.7808-rc.write.1.tlog
D:\Source_Code\MFC_Practice\STL_Practice\Debug\link.7808.read.1.tlog
D:\Source_Code\MFC_Practice\STL_Practice\Debug\link.7808.write.1.tlog
D:\Source_Code\MFC_Practice\STL_Practice\Debug\link.8236-cvtres.read.1.tlog
D:\Source_Code\MFC_Practice\STL_Practice\Debug\link.8236-cvtres.write.1.tlog
D:\Source_Code\MFC_Practice\STL_Practice\Debug\link.8236-rc.read.1.tlog
D:\Source_Code\MFC_Practice\STL_Practice\Debug\link.8236-rc.write.1.tlog
D:\Source_Code\MFC_Practice\STL_Practice\Debug\link.8236.read.1.tlog
D:\Source_Code\MFC_Practice\STL_Practice\Debug\link.8236.write.1.tlog
D:\Source_Code\MFC_Practice\STL_Practice\Debug\link.8644-cvtres.read.1.tlog
D:\Source_Code\MFC_Practice\STL_Practice\Debug\link.8644-cvtres.write.1.tlog
D:\Source_Code\MFC_Practice\STL_Practice\Debug\link.8644-rc.read.1.tlog
D:\Source_Code\MFC_Practice\STL_Practice\Debug\link.8644-rc.write.1.tlog
D:\Source_Code\MFC_Practice\STL_Practice\Debug\link.8644.read.1.tlog
D:\Source_Code\MFC_Practice\STL_Practice\Debug\link.8644.write.1.tlog
D:\Source_Code\MFC_Practice\STL_Practice\Debug\link.8824-cvtres.read.1.tlog
D:\Source_Code\MFC_Practice\STL_Practice\Debug\link.8824-cvtres.write.1.tlog
D:\Source_Code\MFC_Practice\STL_Practice\Debug\link.8824-rc.read.1.tlog
D:\Source_Code\MFC_Practice\STL_Practice\Debug\link.8824-rc.write.1.tlog
D:\Source_Code\MFC_Practice\STL_Practice\Debug\link.8824.read.1.tlog
D:\Source_Code\MFC_Practice\STL_Practice\Debug\link.8824.write.1.tlog
D:\Source_Code\MFC_Practice\STL_Practice\Debug\link.8956-cvtres.read.1.tlog
D:\Source_Code\MFC_Practice\STL_Practice\Debug\link.8956-cvtres.write.1.tlog
D:\Source_Code\MFC_Practice\STL_Practice\Debug\link.8956-rc.read.1.tlog
D:\Source_Code\MFC_Practice\STL_Practice\Debug\link.8956-rc.write.1.tlog
D:\Source_Code\MFC_Practice\STL_Practice\Debug\link.8956.read.1.tlog
D:\Source_Code\MFC_Practice\STL_Practice\Debug\link.8956.write.1.tlog
D:\Source_Code\MFC_Practice\STL_Practice\Debug\link.9004-cvtres.read.1.tlog
D:\Source_Code\MFC_Practice\STL_Practice\Debug\link.9004-cvtres.write.1.tlog
D:\Source_Code\MFC_Practice\STL_Practice\Debug\link.9004-rc.read.1.tlog
D:\Source_Code\MFC_Practice\STL_Practice\Debug\link.9004-rc.write.1.tlog
D:\Source_Code\MFC_Practice\STL_Practice\Debug\link.9004.read.1.tlog
D:\Source_Code\MFC_Practice\STL_Practice\Debug\link.9004.write.1.tlog
D:\Source_Code\MFC_Practice\STL_Practice\Debug\link.9044-cvtres.read.1.tlog
D:\Source_Code\MFC_Practice\STL_Practice\Debug\link.9044-cvtres.write.1.tlog
D:\Source_Code\MFC_Practice\STL_Practice\Debug\link.9044-rc.read.1.tlog
D:\Source_Code\MFC_Practice\STL_Practice\Debug\link.9044-rc.write.1.tlog
D:\Source_Code\MFC_Practice\STL_Practice\Debug\link.9044.read.1.tlog
D:\Source_Code\MFC_Practice\STL_Practice\Debug\link.9044.write.1.tlog
D:\Source_Code\MFC_Practice\STL_Practice\Debug\link.command.1.tlog
D:\Source_Code\MFC_Practice\STL_Practice\Debug\link.read.1.tlog
D:\Source_Code\MFC_Practice\STL_Practice\Debug\link.write.1.tlog
D:\Source_Code\MFC_Practice\STL_Practice\Debug\STL_Practice.pch
D:\Source_Code\MFC_Practice\STL_Practice\Debug\vc110.idb
D:\Source_Code\MFC_Practice\STL_Practice\Debug\vc110.pdb
D:\Source_Code\MFC_Practice\Debug\STL_Practice.pdb
D:\Source_Code\MFC_Practice\Debug\STL_Practice.exe
D:\Source_Code\MFC_Practice\Debug\STL_Practice.ilk
