D:\SOURCE_CODE\MFC_PRACTICE\COMPLEXCOSOLEPRACTICE\DEBUG\COMPLEXCOSOLEPRACTICE.PCH
D:\SOURCE_CODE\MFC_PRACTICE\COMPLEXCOSOLEPRACTICE\DEBUG\STDAFX.OBJ
D:\SOURCE_CODE\MFC_PRACTICE\COMPLEXCOSOLEPRACTICE\DEBUG\VC110.PDB
D:\SOURCE_CODE\MFC_PRACTICE\COMPLEXCOSOLEPRACTICE\DEBUG\COMPLEXCOSOLEPRACTICE.OBJ
D:\SOURCE_CODE\MFC_PRACTICE\DEBUG\COMPLEXCOSOLEPRACTICE.ILK
D:\SOURCE_CODE\MFC_PRACTICE\DEBUG\COMPLEXCOSOLEPRACTICE.EXE
D:\SOURCE_CODE\MFC_PRACTICE\DEBUG\COMPLEXCOSOLEPRACTICE.PDB
D:\Source_Code\MFC_Practice\ComplexCosolePractice\Debug\ComplexCosolePractice.obj
D:\Source_Code\MFC_Practice\ComplexCosolePractice\Debug\stdafx.obj
D:\Source_Code\MFC_Practice\ComplexCosolePractice\Debug\cl.command.1.tlog
D:\Source_Code\MFC_Practice\ComplexCosolePractice\Debug\CL.read.1.tlog
D:\Source_Code\MFC_Practice\ComplexCosolePractice\Debug\CL.write.1.tlog
D:\Source_Code\MFC_Practice\ComplexCosolePractice\Debug\link-cvtres.read.1.tlog
D:\Source_Code\MFC_Practice\ComplexCosolePractice\Debug\link-cvtres.write.1.tlog
D:\Source_Code\MFC_Practice\ComplexCosolePractice\Debug\link-rc.read.1.tlog
D:\Source_Code\MFC_Practice\ComplexCosolePractice\Debug\link-rc.write.1.tlog
D:\Source_Code\MFC_Practice\ComplexCosolePractice\Debug\link.2160-cvtres.read.1.tlog
D:\Source_Code\MFC_Practice\ComplexCosolePractice\Debug\link.2160-cvtres.write.1.tlog
D:\Source_Code\MFC_Practice\ComplexCosolePractice\Debug\link.2160-rc.read.1.tlog
D:\Source_Code\MFC_Practice\ComplexCosolePractice\Debug\link.2160-rc.write.1.tlog
D:\Source_Code\MFC_Practice\ComplexCosolePractice\Debug\link.2160.read.1.tlog
D:\Source_Code\MFC_Practice\ComplexCosolePractice\Debug\link.2160.write.1.tlog
D:\Source_Code\MFC_Practice\ComplexCosolePractice\Debug\link.2412-cvtres.read.1.tlog
D:\Source_Code\MFC_Practice\ComplexCosolePractice\Debug\link.2412-cvtres.write.1.tlog
D:\Source_Code\MFC_Practice\ComplexCosolePractice\Debug\link.2412-rc.read.1.tlog
D:\Source_Code\MFC_Practice\ComplexCosolePractice\Debug\link.2412-rc.write.1.tlog
D:\Source_Code\MFC_Practice\ComplexCosolePractice\Debug\link.2412.read.1.tlog
D:\Source_Code\MFC_Practice\ComplexCosolePractice\Debug\link.2412.write.1.tlog
D:\Source_Code\MFC_Practice\ComplexCosolePractice\Debug\link.4596-cvtres.read.1.tlog
D:\Source_Code\MFC_Practice\ComplexCosolePractice\Debug\link.4596-cvtres.write.1.tlog
D:\Source_Code\MFC_Practice\ComplexCosolePractice\Debug\link.4596-rc.read.1.tlog
D:\Source_Code\MFC_Practice\ComplexCosolePractice\Debug\link.4596-rc.write.1.tlog
D:\Source_Code\MFC_Practice\ComplexCosolePractice\Debug\link.4596.read.1.tlog
D:\Source_Code\MFC_Practice\ComplexCosolePractice\Debug\link.4596.write.1.tlog
D:\Source_Code\MFC_Practice\ComplexCosolePractice\Debug\link.5600-cvtres.read.1.tlog
D:\Source_Code\MFC_Practice\ComplexCosolePractice\Debug\link.5600-cvtres.write.1.tlog
D:\Source_Code\MFC_Practice\ComplexCosolePractice\Debug\link.5600-rc.read.1.tlog
D:\Source_Code\MFC_Practice\ComplexCosolePractice\Debug\link.5600-rc.write.1.tlog
D:\Source_Code\MFC_Practice\ComplexCosolePractice\Debug\link.5600.read.1.tlog
D:\Source_Code\MFC_Practice\ComplexCosolePractice\Debug\link.5600.write.1.tlog
D:\Source_Code\MFC_Practice\ComplexCosolePractice\Debug\link.7592-cvtres.read.1.tlog
D:\Source_Code\MFC_Practice\ComplexCosolePractice\Debug\link.7592-cvtres.write.1.tlog
D:\Source_Code\MFC_Practice\ComplexCosolePractice\Debug\link.7592-rc.read.1.tlog
D:\Source_Code\MFC_Practice\ComplexCosolePractice\Debug\link.7592-rc.write.1.tlog
D:\Source_Code\MFC_Practice\ComplexCosolePractice\Debug\link.7592.read.1.tlog
D:\Source_Code\MFC_Practice\ComplexCosolePractice\Debug\link.7592.write.1.tlog
D:\Source_Code\MFC_Practice\ComplexCosolePractice\Debug\link.7612-cvtres.read.1.tlog
D:\Source_Code\MFC_Practice\ComplexCosolePractice\Debug\link.7612-cvtres.write.1.tlog
D:\Source_Code\MFC_Practice\ComplexCosolePractice\Debug\link.7612-rc.read.1.tlog
D:\Source_Code\MFC_Practice\ComplexCosolePractice\Debug\link.7612-rc.write.1.tlog
D:\Source_Code\MFC_Practice\ComplexCosolePractice\Debug\link.7612.read.1.tlog
D:\Source_Code\MFC_Practice\ComplexCosolePractice\Debug\link.7612.write.1.tlog
D:\Source_Code\MFC_Practice\ComplexCosolePractice\Debug\link.command.1.tlog
D:\Source_Code\MFC_Practice\ComplexCosolePractice\Debug\link.read.1.tlog
D:\Source_Code\MFC_Practice\ComplexCosolePractice\Debug\link.write.1.tlog
D:\Source_Code\MFC_Practice\ComplexCosolePractice\Debug\ComplexCosolePractice.pch
D:\Source_Code\MFC_Practice\ComplexCosolePractice\Debug\vc110.idb
D:\Source_Code\MFC_Practice\ComplexCosolePractice\Debug\vc110.pdb
D:\Source_Code\MFC_Practice\Debug\ComplexCosolePractice.pdb
D:\Source_Code\MFC_Practice\Debug\ComplexCosolePractice.exe
D:\Source_Code\MFC_Practice\Debug\ComplexCosolePractice.ilk
