Build started 2017/5/4 16:02:07.
     1>Project "D:\Source_Code\MFC_Practice\Console_Practice\Console_Practice.vcxproj" on node 3 (Rebuild target(s)).
     1>ClCompile:
         C:\Program Files (x86)\Microsoft Visual Studio 11.0\VC\bin\CL.exe /c /ZI /nologo /W3 /WX- /sdl /Od /Oy- /D WIN32 /D _DEBUG /D _CONSOLE /D _UNICODE /D UNICODE /Gm /EHsc /RTC1 /MDd /GS /fp:precise /Zc:wchar_t /Zc:forScope /Yc"stdafx.h" /Fp"Debug\Console_Practice.pch" /Fo"Debug\\" /Fd"Debug\vc110.pdb" /Gd /TP /analyze- /errorReport:prompt stdafx.cpp
         stdafx.cpp
         C:\Program Files (x86)\Microsoft Visual Studio 11.0\VC\bin\CL.exe /c /ZI /nologo /W3 /WX- /sdl /Od /Oy- /D WIN32 /D _DEBUG /D _CONSOLE /D _UNICODE /D UNICODE /Gm /EHsc /RTC1 /MDd /GS /fp:precise /Zc:wchar_t /Zc:forScope /Yu"stdafx.h" /Fp"Debug\Console_Practice.pch" /Fo"Debug\\" /Fd"Debug\vc110.pdb" /Gd /TP /analyze- /errorReport:prompt Box.cpp Console_Practice.cpp DynamicMemoryAllocation.cpp FileOp.cpp PaintCost.cpp Rectangle.cpp Shape.cpp TriAngle.cpp
         TriAngle.cpp
         Shape.cpp
         Rectangle.cpp
         PaintCost.cpp
         FileOp.cpp
         DynamicMemoryAllocation.cpp
         Console_Practice.cpp
     1>d:\source_code\mfc_practice\console_practice\console_practice.cpp(147): warning C4101: 'e' : unreferenced local variable
         Box.cpp
         Generating Code...
       Link:
         C:\Program Files (x86)\Microsoft Visual Studio 11.0\VC\bin\link.exe /ERRORREPORT:PROMPT /OUT:"D:\Source_Code\MFC_Practice\Debug\Console_Practice.exe" /INCREMENTAL /NOLOGO kernel32.lib user32.lib gdi32.lib winspool.lib comdlg32.lib advapi32.lib shell32.lib ole32.lib oleaut32.lib uuid.lib odbc32.lib odbccp32.lib /MANIFEST /MANIFESTUAC:"level='asInvoker' uiAccess='false'" /manifest:embed /DEBUG /PDB:"D:\Source_Code\MFC_Practice\Debug\Console_Practice.pdb" /SUBSYSTEM:CONSOLE /TLBID:1 /DYNAMICBASE /NXCOMPAT /IMPLIB:"D:\Source_Code\MFC_Practice\Debug\Console_Practice.lib" Debug\Box.obj
         Debug\Console_Practice.obj
         Debug\DynamicMemoryAllocation.obj
         Debug\FileOp.obj
         Debug\PaintCost.obj
         Debug\Rectangle.obj
         Debug\Shape.obj
         Debug\stdafx.obj
         Debug\TriAngle.obj
         Console_Practice.vcxproj -> D:\Source_Code\MFC_Practice\Debug\Console_Practice.exe
     1>Done Building Project "D:\Source_Code\MFC_Practice\Console_Practice\Console_Practice.vcxproj" (Rebuild target(s)).

Build succeeded.

Time Elapsed 00:00:12.75
