D:\SOURCE_CODE\MFC_PRACTICE\CONSOLE_PRACTICE\DEBUG\CONSOLE_PRACTICE.PCH
D:\SOURCE_CODE\MFC_PRACTICE\CONSOLE_PRACTICE\DEBUG\STDAFX.OBJ
D:\SOURCE_CODE\MFC_PRACTICE\CONSOLE_PRACTICE\DEBUG\VC110.PDB
D:\SOURCE_CODE\MFC_PRACTICE\CONSOLE_PRACTICE\DEBUG\BOX.OBJ
D:\SOURCE_CODE\MFC_PRACTICE\CONSOLE_PRACTICE\DEBUG\CONSOLE_PRACTICE.OBJ
D:\SOURCE_CODE\MFC_PRACTICE\CONSOLE_PRACTICE\DEBUG\RECTANGLE.OBJ
D:\SOURCE_CODE\MFC_PRACTICE\CONSOLE_PRACTICE\DEBUG\SHAPE.OBJ
D:\SOURCE_CODE\MFC_PRACTICE\CONSOLE_PRACTICE\DEBUG\PAINTCOST.OBJ
D:\SOURCE_CODE\MFC_PRACTICE\CONSOLE_PRACTICE\DEBUG\TRIANGLE.OBJ
D:\SOURCE_CODE\MFC_PRACTICE\CONSOLE_PRACTICE\DEBUG\FILEOP.OBJ
D:\SOURCE_CODE\MFC_PRACTICE\CONSOLE_PRACTICE\DEBUG\DYNAMICMEMORYALLOCATION.OBJ
D:\SOURCE_CODE\MFC_PRACTICE\DEBUG\CONSOLE_PRACTICE.ILK
D:\SOURCE_CODE\MFC_PRACTICE\DEBUG\CONSOLE_PRACTICE.EXE
D:\SOURCE_CODE\MFC_PRACTICE\DEBUG\CONSOLE_PRACTICE.PDB
D:\Source_Code\MFC_Practice\Console_Practice\Debug\Box.obj
D:\Source_Code\MFC_Practice\Console_Practice\Debug\Console_Practice.obj
D:\Source_Code\MFC_Practice\Console_Practice\Debug\DynamicMemoryAllocation.obj
D:\Source_Code\MFC_Practice\Console_Practice\Debug\FileOp.obj
D:\Source_Code\MFC_Practice\Console_Practice\Debug\PaintCost.obj
D:\Source_Code\MFC_Practice\Console_Practice\Debug\Rectangle.obj
D:\Source_Code\MFC_Practice\Console_Practice\Debug\Shape.obj
D:\Source_Code\MFC_Practice\Console_Practice\Debug\stdafx.obj
D:\Source_Code\MFC_Practice\Console_Practice\Debug\TriAngle.obj
D:\Source_Code\MFC_Practice\Console_Practice\Debug\cl.command.1.tlog
D:\Source_Code\MFC_Practice\Console_Practice\Debug\CL.read.1.tlog
D:\Source_Code\MFC_Practice\Console_Practice\Debug\CL.write.1.tlog
D:\Source_Code\MFC_Practice\Console_Practice\Debug\link-cvtres.read.1.tlog
D:\Source_Code\MFC_Practice\Console_Practice\Debug\link-cvtres.write.1.tlog
D:\Source_Code\MFC_Practice\Console_Practice\Debug\link-rc.read.1.tlog
D:\Source_Code\MFC_Practice\Console_Practice\Debug\link-rc.write.1.tlog
D:\Source_Code\MFC_Practice\Console_Practice\Debug\link.2324-cvtres.read.1.tlog
D:\Source_Code\MFC_Practice\Console_Practice\Debug\link.2324-cvtres.write.1.tlog
D:\Source_Code\MFC_Practice\Console_Practice\Debug\link.2324-rc.read.1.tlog
D:\Source_Code\MFC_Practice\Console_Practice\Debug\link.2324-rc.write.1.tlog
D:\Source_Code\MFC_Practice\Console_Practice\Debug\link.2324.read.1.tlog
D:\Source_Code\MFC_Practice\Console_Practice\Debug\link.2324.write.1.tlog
D:\Source_Code\MFC_Practice\Console_Practice\Debug\link.3488-cvtres.read.1.tlog
D:\Source_Code\MFC_Practice\Console_Practice\Debug\link.3488-cvtres.write.1.tlog
D:\Source_Code\MFC_Practice\Console_Practice\Debug\link.3488-rc.read.1.tlog
D:\Source_Code\MFC_Practice\Console_Practice\Debug\link.3488-rc.write.1.tlog
D:\Source_Code\MFC_Practice\Console_Practice\Debug\link.3488.read.1.tlog
D:\Source_Code\MFC_Practice\Console_Practice\Debug\link.3488.write.1.tlog
D:\Source_Code\MFC_Practice\Console_Practice\Debug\link.5992-cvtres.read.1.tlog
D:\Source_Code\MFC_Practice\Console_Practice\Debug\link.5992-cvtres.write.1.tlog
D:\Source_Code\MFC_Practice\Console_Practice\Debug\link.5992-rc.read.1.tlog
D:\Source_Code\MFC_Practice\Console_Practice\Debug\link.5992-rc.write.1.tlog
D:\Source_Code\MFC_Practice\Console_Practice\Debug\link.5992.read.1.tlog
D:\Source_Code\MFC_Practice\Console_Practice\Debug\link.5992.write.1.tlog
D:\Source_Code\MFC_Practice\Console_Practice\Debug\link.7116-cvtres.read.1.tlog
D:\Source_Code\MFC_Practice\Console_Practice\Debug\link.7116-cvtres.write.1.tlog
D:\Source_Code\MFC_Practice\Console_Practice\Debug\link.7116-rc.read.1.tlog
D:\Source_Code\MFC_Practice\Console_Practice\Debug\link.7116-rc.write.1.tlog
D:\Source_Code\MFC_Practice\Console_Practice\Debug\link.7116.read.1.tlog
D:\Source_Code\MFC_Practice\Console_Practice\Debug\link.7116.write.1.tlog
D:\Source_Code\MFC_Practice\Console_Practice\Debug\link.712-cvtres.read.1.tlog
D:\Source_Code\MFC_Practice\Console_Practice\Debug\link.712-cvtres.write.1.tlog
D:\Source_Code\MFC_Practice\Console_Practice\Debug\link.712-rc.read.1.tlog
D:\Source_Code\MFC_Practice\Console_Practice\Debug\link.712-rc.write.1.tlog
D:\Source_Code\MFC_Practice\Console_Practice\Debug\link.712.read.1.tlog
D:\Source_Code\MFC_Practice\Console_Practice\Debug\link.712.write.1.tlog
D:\Source_Code\MFC_Practice\Console_Practice\Debug\link.7944-cvtres.read.1.tlog
D:\Source_Code\MFC_Practice\Console_Practice\Debug\link.7944-cvtres.write.1.tlog
D:\Source_Code\MFC_Practice\Console_Practice\Debug\link.7944-rc.read.1.tlog
D:\Source_Code\MFC_Practice\Console_Practice\Debug\link.7944-rc.write.1.tlog
D:\Source_Code\MFC_Practice\Console_Practice\Debug\link.7944.read.1.tlog
D:\Source_Code\MFC_Practice\Console_Practice\Debug\link.7944.write.1.tlog
D:\Source_Code\MFC_Practice\Console_Practice\Debug\link.8220-cvtres.read.1.tlog
D:\Source_Code\MFC_Practice\Console_Practice\Debug\link.8220-cvtres.write.1.tlog
D:\Source_Code\MFC_Practice\Console_Practice\Debug\link.8220-rc.read.1.tlog
D:\Source_Code\MFC_Practice\Console_Practice\Debug\link.8220-rc.write.1.tlog
D:\Source_Code\MFC_Practice\Console_Practice\Debug\link.8220.read.1.tlog
D:\Source_Code\MFC_Practice\Console_Practice\Debug\link.8220.write.1.tlog
D:\Source_Code\MFC_Practice\Console_Practice\Debug\link.8448-cvtres.read.1.tlog
D:\Source_Code\MFC_Practice\Console_Practice\Debug\link.8448-cvtres.write.1.tlog
D:\Source_Code\MFC_Practice\Console_Practice\Debug\link.8448-rc.read.1.tlog
D:\Source_Code\MFC_Practice\Console_Practice\Debug\link.8448-rc.write.1.tlog
D:\Source_Code\MFC_Practice\Console_Practice\Debug\link.8448.read.1.tlog
D:\Source_Code\MFC_Practice\Console_Practice\Debug\link.8448.write.1.tlog
D:\Source_Code\MFC_Practice\Console_Practice\Debug\link.8700-cvtres.read.1.tlog
D:\Source_Code\MFC_Practice\Console_Practice\Debug\link.8700-cvtres.write.1.tlog
D:\Source_Code\MFC_Practice\Console_Practice\Debug\link.8700-rc.read.1.tlog
D:\Source_Code\MFC_Practice\Console_Practice\Debug\link.8700-rc.write.1.tlog
D:\Source_Code\MFC_Practice\Console_Practice\Debug\link.8700.read.1.tlog
D:\Source_Code\MFC_Practice\Console_Practice\Debug\link.8700.write.1.tlog
D:\Source_Code\MFC_Practice\Console_Practice\Debug\link.command.1.tlog
D:\Source_Code\MFC_Practice\Console_Practice\Debug\link.read.1.tlog
D:\Source_Code\MFC_Practice\Console_Practice\Debug\link.write.1.tlog
D:\Source_Code\MFC_Practice\Console_Practice\Debug\Console_Practice.pch
D:\Source_Code\MFC_Practice\Console_Practice\Debug\vc110.idb
D:\Source_Code\MFC_Practice\Console_Practice\Debug\vc110.pdb
D:\Source_Code\MFC_Practice\Debug\Console_Practice.pdb
D:\Source_Code\MFC_Practice\Debug\Console_Practice.exe
D:\Source_Code\MFC_Practice\Debug\Console_Practice.ilk
